# JRE version: OpenJDK Runtime Environment (8.0_152-b01) (build 1.8.0_152-release-915-b01)
# Java VM: OpenJDK 64-Bit Server VM (25.152-b01 mixed mode linux-amd64 compressed oops)
Heap:
 PSYoungGen      total 322560K, used 11520K [0x00000000e0000000, 0x00000000f5200000, 0x0000000100000000)
  eden space 299520K, 0% used [0x00000000e0000000,0x00000000e0000000,0x00000000f2480000)
  from space 23040K, 50% used [0x00000000f2480000,0x00000000f2fc0000,0x00000000f3b00000)
  to   space 17408K, 0% used [0x00000000f3b00000,0x00000000f3b00000,0x00000000f4c00000)
 ParOldGen       total 48640K, used 48153K [0x00000000a0000000, 0x00000000a2f80000, 0x00000000e0000000)
  object space 48640K, 99% used [0x00000000a0000000,0x00000000a2f06678,0x00000000a2f80000)
 Metaspace       used 57029K, capacity 58904K, committed 58968K, reserved 1099776K
  class space    used 7730K, capacity 8256K, committed 8320K, reserved 1048576K
GC Heap History (10 events):
Event: 42.384 GC heap after
Heap after GC invocations=8 (full 1):
 PSYoungGen      total 134144K, used 9710K [0x00000000e0000000, 0x00000000ee300000, 0x0000000100000000)
  eden space 124416K, 0% used [0x00000000e0000000,0x00000000e0000000,0x00000000e7980000)
  from space 9728K, 99% used [0x00000000e7980000,0x00000000e82fbbc8,0x00000000e8300000)
  to   space 12288K, 0% used [0x00000000ed700000,0x00000000ed700000,0x00000000ee300000)
 ParOldGen       total 35328K, used 10966K [0x00000000a0000000, 0x00000000a2280000, 0x00000000e0000000)
  object space 35328K, 31% used [0x00000000a0000000,0x00000000a0ab5af8,0x00000000a2280000)
 Metaspace       used 32131K, capacity 32774K, committed 32896K, reserved 1077248K
  class space    used 4402K, capacity 4652K, committed 4736K, reserved 1048576K
}
Event: 45.119 GC heap before
{Heap before GC invocations=9 (full 1):
 PSYoungGen      total 134144K, used 28792K [0x00000000e0000000, 0x00000000ee300000, 0x0000000100000000)
  eden space 124416K, 15% used [0x00000000e0000000,0x00000000e12a25d0,0x00000000e7980000)
  from space 9728K, 99% used [0x00000000e7980000,0x00000000e82fbbc8,0x00000000e8300000)
  to   space 12288K, 0% used [0x00000000ed700000,0x00000000ed700000,0x00000000ee300000)
 ParOldGen       total 35328K, used 10966K [0x00000000a0000000, 0x00000000a2280000, 0x00000000e0000000)
  object space 35328K, 31% used [0x00000000a0000000,0x00000000a0ab5af8,0x00000000a2280000)
 Metaspace       used 34610K, capacity 35322K, committed 35416K, reserved 1079296K
  class space    used 4662K, capacity 4922K, committed 4992K, reserved 1048576K
Event: 45.143 GC heap after
Heap after GC invocations=9 (full 1):
 PSYoungGen      total 219136K, used 9939K [0x00000000e0000000, 0x00000000ef100000, 0x0000000100000000)
  eden space 206848K, 0% used [0x00000000e0000000,0x00000000e0000000,0x00000000eca00000)
  from space 12288K, 80% used [0x00000000ed700000,0x00000000ee0b4d00,0x00000000ee300000)
  to   space 13312K, 0% used [0x00000000eca00000,0x00000000eca00000,0x00000000ed700000)
 ParOldGen       total 35328K, used 10974K [0x00000000a0000000, 0x00000000a2280000, 0x00000000e0000000)
  object space 35328K, 31% used [0x00000000a0000000,0x00000000a0ab7af8,0x00000000a2280000)
 Metaspace       used 34610K, capacity 35322K, committed 35416K, reserved 1079296K
  class space    used 4662K, capacity 4922K, committed 4992K, reserved 1048576K
}
Event: 45.143 GC heap before
{Heap before GC invocations=10 (full 2):
 PSYoungGen      total 219136K, used 9939K [0x00000000e0000000, 0x00000000ef100000, 0x0000000100000000)
  eden space 206848K, 0% used [0x00000000e0000000,0x00000000e0000000,0x00000000eca00000)
  from space 12288K, 80% used [0x00000000ed700000,0x00000000ee0b4d00,0x00000000ee300000)
  to   space 13312K, 0% used [0x00000000eca00000,0x00000000eca00000,0x00000000ed700000)
 ParOldGen       total 35328K, used 10974K [0x00000000a0000000, 0x00000000a2280000, 0x00000000e0000000)
  object space 35328K, 31% used [0x00000000a0000000,0x00000000a0ab7af8,0x00000000a2280000)
 Metaspace       used 34610K, capacity 35322K, committed 35416K, reserved 1079296K
  class space    used 4662K, capacity 4922K, committed 4992K, reserved 1048576K
Event: 45.319 GC heap after
Heap after GC invocations=10 (full 2):
 PSYoungGen      total 219136K, used 0K [0x00000000e0000000, 0x00000000ef100000, 0x0000000100000000)
  eden space 206848K, 0% used [0x00000000e0000000,0x00000000e0000000,0x00000000eca00000)
  from space 12288K, 0% used [0x00000000ed700000,0x00000000ed700000,0x00000000ee300000)
  to   space 13312K, 0% used [0x00000000eca00000,0x00000000eca00000,0x00000000ed700000)
 ParOldGen       total 47104K, used 16570K [0x00000000a0000000, 0x00000000a2e00000, 0x00000000e0000000)
  object space 47104K, 35% used [0x00000000a0000000,0x00000000a102e868,0x00000000a2e00000)
 Metaspace       used 34587K, capacity 35234K, committed 35416K, reserved 1079296K
  class space    used 4655K, capacity 4914K, committed 4992K, reserved 1048576K
}
Event: 77.032 GC heap before
{Heap before GC invocations=11 (full 2):
 PSYoungGen      total 219136K, used 206848K [0x00000000e0000000, 0x00000000ef100000, 0x0000000100000000)
  eden space 206848K, 100% used [0x00000000e0000000,0x00000000eca00000,0x00000000eca00000)
  from space 12288K, 0% used [0x00000000ed700000,0x00000000ed700000,0x00000000ee300000)
  to   space 13312K, 0% used [0x00000000eca00000,0x00000000eca00000,0x00000000ed700000)
 ParOldGen       total 47104K, used 16570K [0x00000000a0000000, 0x00000000a2e00000, 0x00000000e0000000)
  object space 47104K, 35% used [0x00000000a0000000,0x00000000a102e868,0x00000000a2e00000)
 Metaspace       used 49706K, capacity 50856K, committed 51032K, reserved 1093632K
  class space    used 6601K, capacity 6987K, committed 7040K, reserved 1048576K
Event: 78.512 GC heap after
Heap after GC invocations=11 (full 2):
 PSYoungGen      total 220160K, used 13299K [0x00000000e0000000, 0x00000000f4c00000, 0x0000000100000000)
  eden space 206848K, 0% used [0x00000000e0000000,0x00000000e0000000,0x00000000eca00000)
  from space 13312K, 99% used [0x00000000eca00000,0x00000000ed6fcd48,0x00000000ed700000)
  to   space 17408K, 0% used [0x00000000f3b00000,0x00000000f3b00000,0x00000000f4c00000)
 ParOldGen       total 47104K, used 22567K [0x00000000a0000000, 0x00000000a2e00000, 0x00000000e0000000)
  object space 47104K, 47% used [0x00000000a0000000,0x00000000a1609fa0,0x00000000a2e00000)
 Metaspace       used 49706K, capacity 50856K, committed 51032K, reserved 1093632K
  class space    used 6601K, capacity 6987K, committed 7040K, reserved 1048576K
}
Event: 89.590 GC heap before
{Heap before GC invocations=12 (full 2):
 PSYoungGen      total 220160K, used 220147K [0x00000000e0000000, 0x00000000f4c00000, 0x0000000100000000)
  eden space 206848K, 100% used [0x00000000e0000000,0x00000000eca00000,0x00000000eca00000)
  from space 13312K, 99% used [0x00000000eca00000,0x00000000ed6fcd48,0x00000000ed700000)
  to   space 17408K, 0% used [0x00000000f3b00000,0x00000000f3b00000,0x00000000f4c00000)
 ParOldGen       total 47104K, used 22567K [0x00000000a0000000, 0x00000000a2e00000, 0x00000000e0000000)
  object space 47104K, 47% used [0x00000000a0000000,0x00000000a1609fa0,0x00000000a2e00000)
 Metaspace       used 56403K, capacity 58160K, committed 58328K, reserved 1099776K
  class space    used 7625K, capacity 8097K, committed 8192K, reserved 1048576K
Event: 89.628 GC heap after
Heap after GC invocations=12 (full 2):
 PSYoungGen      total 316928K, used 17381K [0x00000000e0000000, 0x00000000f5200000, 0x0000000100000000)
  eden space 299520K, 0% used [0x00000000e0000000,0x00000000e0000000,0x00000000f2480000)
  from space 17408K, 99% used [0x00000000f3b00000,0x00000000f4bf94d0,0x00000000f4c00000)
  to   space 23040K, 0% used [0x00000000f2480000,0x00000000f2480000,0x00000000f3b00000)
 ParOldGen       total 47104K, used 30821K [0x00000000a0000000, 0x00000000a2e00000, 0x00000000e0000000)
  object space 47104K, 65% used [0x00000000a0000000,0x00000000a1e19520,0x00000000a2e00000)
 Metaspace       used 56403K, capacity 58160K, committed 58328K, reserved 1099776K
  class space    used 7625K, capacity 8097K, committed 8192K, reserved 1048576K
}
Event: 91.810 GC heap before
{Heap before GC invocations=13 (full 2):
 PSYoungGen      total 316928K, used 102962K [0x00000000e0000000, 0x00000000f5200000, 0x0000000100000000)
  eden space 299520K, 28% used [0x00000000e0000000,0x00000000e53934d0,0x00000000f2480000)
  from space 17408K, 99% used [0x00000000f3b00000,0x00000000f4bf94d0,0x00000000f4c00000)
  to   space 23040K, 0% used [0x00000000f2480000,0x00000000f2480000,0x00000000f3b00000)
 ParOldGen       total 47104K, used 30821K [0x00000000a0000000, 0x00000000a2e00000, 0x00000000e0000000)
  object space 47104K, 65% used [0x00000000a0000000,0x00000000a1e19520,0x00000000a2e00000)
 Metaspace       used 57029K, capacity 58904K, committed 58968K, reserved 1099776K
  class space    used 7730K, capacity 8256K, committed 8320K, reserved 1048576K

